TN:
SF:src/compareObjects.js
FN:3,compareObjects
FNF:1
FNH:1
FNDA:1,compareObjects
DA:1,1
DA:2,1
DA:3,1
DA:4,1
DA:5,1
DA:6,1
DA:7,1
DA:8,1
DA:9,1
DA:10,5
DA:11,2
DA:12,1
DA:13,1
DA:14,1
DA:15,1
DA:16,5
DA:17,2
DA:18,2
DA:19,1
DA:20,1
DA:21,1
DA:22,1
DA:23,1
DA:24,1
DA:25,1
DA:26,1
LF:26
LH:26
BRDA:3,0,0,1
BRDA:9,1,0,5
BRDA:10,2,0,3
BRDA:10,3,0,2
BRDA:11,4,0,1
BRDA:15,5,0,3
BRDA:16,6,0,2
BRDA:18,7,0,1
BRF:8
BRH:8
end_of_record
TN:
SF:src/getAbsoluteFilePath.js
FN:4,getAbsouluteFilePath
FNF:1
FNH:1
FNDA:1,getAbsouluteFilePath
DA:1,1
DA:2,1
DA:3,1
DA:4,1
DA:5,1
DA:6,1
DA:7,1
DA:8,1
DA:9,1
DA:10,1
LF:10
LH:10
BRDA:4,0,0,1
BRF:1
BRH:1
end_of_record
TN:
SF:src/parseFile.js
FN:3,parseFile
FNF:1
FNH:1
FNDA:1,parseFile
DA:1,1
DA:2,1
DA:3,1
DA:4,1
DA:5,1
DA:6,1
DA:7,1
DA:8,1
LF:8
LH:8
BRDA:3,0,0,1
BRF:1
BRH:1
end_of_record
